
Error: call to URL https://eu2.salesforce.com/services/data/v25.0/sobjects/Lead/00Qb000000MtmnvEAB failed with status 400, response , curl_error , curl_errno 0
Updated data for email: oscarbm86@gmail.com => OK
Updated data for email: Seymoros@yahoo.co.uk => OK
Updated data for email: tinoravida@alice.it => OK
Updated data for email: mike.palis@googlemail.com => OK
Updated data for email: benwoods_1@hotmail.com => OK
Updated data for email: brucehusi@gmail.com => OK
Error: call to URL https://eu2.salesforce.com/services/data/v25.0/sobjects/Lead/00Qb000000DBqdOEAT failed with status 400, response , curl_error , curl_errno 0
Updated data for email: patrickmwenge@gmail.com => OK
Updated data for email: yunus@theba.co.za => OK
Updated data for email: vero.etienne2@free.fr => OK
Updated data for email: claudiosalgarella@yahoo.it => OK
Updated data for email: rogeriocg79@gmail.com => OK
Updated data for email: navas_3@hotmail.com => OK
Updated data for email: jucalo70@gmail.com => OK
Error: call to URL https://eu2.salesforce.com/services/data/v25.0/sobjects/Lead/00Qb000000LqRMWEA3 failed with status 400, response , curl_error , curl_errno 0
Updated data for email: jonathan.bromhall@gmail.com => OK
Updated data for email: julie@exactsoftware.co.uk => OK
Updated data for email: stevenwoodford@hotmail.com => OK
Updated data for email: rlanas@hotmail.co.uk => OK
Updated data for email: narsi68@hotmail.com => OK
Updated data for email: rossanderton@gmail.com => OK
Updated data for email: jaguenther@freenet.de => OK
Updated data for email: robert.wahlstrom@swedbank.se => OK
Updated data for email: david@davidmenet.co.uk => OK
Error: call to URL https://eu2.salesforce.com/services/data/v25.0/sobjects/Lead/00Qb000000IGWuaEAH failed with status 400, response , curl_error , curl_errno 0
Updated data for email: gesine.muehle@googlemail.com => OK
Updated data for email: andrejordan_@hotmail.com => OK
Updated data for email: linn.riddell@gmail.com => OK
Updated data for email: francescomazzini@libero.it => OK
Error: call to URL https://eu2.salesforce.com/services/data/v25.0/sobjects/Lead/00Qb000000IfnrfEAB failed with status 400, response , curl_error , curl_errno 0
Updated data for email: thomas_wolf_@web.de => OK
Updated data for email: astevalinfo@gmail.com => OK
No such emails exists in the Pipindex Salesforce: b.sabukoschek@hotmail.comUndo
Updated data for email: oloff@bcs-swiss.ch => OK
Updated data for email: burghard.wunderlich@freenet.de => OK
Error: call to URL https://eu2.salesforce.com/services/data/v25.0/sobjects/Lead/00Qb000000I6sABEAZ failed with status 400, response , curl_error , curl_errno 0
Updated data for email: lucasmeda@gmail.com => OK
Updated data for email: fabio@daad-alumni.de => OK
Error: call to URL https://eu2.salesforce.com/services/data/v25.0/sobjects/Lead/00Qb000000HPlOlEAL failed with status 400, response , curl_error , curl_errno 0
Updated data for email: ianmac542@gmail.com => OK
Updated data for email: adb95men@hotmail.com => OK