
[2016-10-03 20:10:31] INFO: email=ali.gajani@academyft.com&eventType=page-load&pageId=terms
[2016-10-03 20:10:31] INFO: Attempting to log page visit : [terms] for user: ali.gajani@academyft.com
[2016-10-03 20:10:32] INFO: Email found: ali.gajani@academyft.com
[2016-10-03 20:10:33] INFO: Event recorded for: ali.gajani@academyft.com
[2016-10-03 20:10:48] INFO: email=&eventType=accept-terms&pageId=
[2016-10-03 20:10:48] INFO: Blank email supplied.
[2016-10-03 20:10:50] INFO: email=&eventType=accept-terms&pageId=
[2016-10-03 20:10:50] INFO: Blank email supplied.
[2016-10-03 20:10:53] INFO: email=&eventType=accept-terms&pageId=
[2016-10-03 20:10:53] INFO: Blank email supplied.
[2016-10-03 20:11:04] INFO: email=&eventType=accept-terms&pageId=
[2016-10-03 20:11:04] INFO: Blank email supplied.
[2016-10-03 20:11:06] INFO: email=&eventType=accept-terms&pageId=
[2016-10-03 20:11:06] INFO: Blank email supplied.
[2016-10-03 20:11:26] INFO: email=&eventType=accept-terms&pageId=
[2016-10-03 20:11:26] INFO: Blank email supplied.
[2016-10-03 20:11:35] INFO: email=&eventType=accept-terms&pageId=
[2016-10-03 20:11:35] INFO: Blank email supplied.
[2016-10-03 20:11:40] INFO: email=&eventType=accept-terms&pageId=
[2016-10-03 20:11:40] INFO: Blank email supplied.
[2016-10-03 20:11:44] INFO: email=&eventType=page-load&pageId=terms
[2016-10-03 20:11:44] INFO: Blank email supplied.
[2016-10-03 20:11:54] INFO: email=ali.gajani@gmail.com&eventType=accept-terms&pageId=
[2016-10-03 20:11:54] INFO: Attempting to log event: [accept-terms] for user: ali.gajani@gmail.com
[2016-10-03 20:11:56] INFO: No such emails exists in the Pipindex Salesforce: ali.gajani@gmail.com
[2016-10-03 20:12:03] INFO: email=&eventType=page-load&pageId=login
[2016-10-03 20:12:03] INFO: Blank email supplied.
[2016-10-03 20:15:30] INFO: email=ali.gajani@gmail.com&eventType=page-load&pageId=terms
[2016-10-03 20:15:30] INFO: Attempting to log page visit : [terms] for user: ali.gajani@gmail.com
[2016-10-03 20:15:32] INFO: No such emails exists in the Pipindex Salesforce: ali.gajani@gmail.com
[2016-10-03 20:16:01] INFO: email=ali.gajani@gmail.com&eventType=accept-terms&pageId=
[2016-10-03 20:16:01] INFO: Attempting to log event: [accept-terms] for user: ali.gajani@gmail.com
[2016-10-03 20:16:02] INFO: No such emails exists in the Pipindex Salesforce: ali.gajani@gmail.com
[2016-10-03 20:16:05] INFO: email=ali.gajani@gmail.com&eventType=page-load&pageId=login
[2016-10-03 20:16:05] INFO: Attempting to log page visit: [login] for user: ali.gajani@gmail.com
[2016-10-03 20:16:05] INFO: No such emails exists in the Pipindex Salesforce: ali.gajani@gmail.com
[2016-10-03 20:25:33] INFO: No phone records found for: ali.gajani@academyft.com
[2016-10-03 20:25:44] INFO: No such emails exists in the Pipindex Salesforce: ali.gaani@academyft.com
[2016-10-03 20:25:51] INFO: No phone records found for: ali.gajani@academyft.com
[2016-10-03 20:25:59] INFO: No phone records found for: 
[2016-10-03 20:26:08] INFO: No phone records found for: ali.gajani@academyft.com
[2016-10-03 20:26:25] INFO: No such emails exists in the Pipindex Salesforce: aligajani@academyft.com
[2016-10-03 20:27:01] INFO: No such emails exists in the Pipindex Salesforce: aligajani@academyft.com
[2016-10-03 20:27:04] INFO: No such emails exists in the Pipindex Salesforce: aligajani@academyft.com
[2016-10-03 20:27:14] INFO: No phone records found for: ali.gajani@academyft.com
[2016-10-03 18:29:58] INFO: email=&eventType=page-load&pageId=landing_page_3
[2016-10-03 18:29:58] INFO: Blank email supplied.
[2016-10-03 18:30:42] INFO: email=&eventType=page-load&pageId=terms
[2016-10-03 18:30:42] INFO: Blank email supplied.
[2016-10-03 18:31:44] INFO: email=&eventType=accept-terms&pageId=
[2016-10-03 18:31:44] INFO: Blank email supplied.
[2016-10-03 18:33:21] INFO: email=&eventType=accept-terms&pageId=
[2016-10-03 18:33:21] INFO: Blank email supplied.
[2016-10-03 18:33:50] INFO: email=&eventType=accept-terms&pageId=
[2016-10-03 18:33:50] INFO: Blank email supplied.
[2016-10-03 18:33:57] INFO: email=&eventType=page-load&pageId=login
[2016-10-03 18:33:57] INFO: Blank email supplied.
[2016-10-03 18:36:19] INFO: email=&eventType=page-load&pageId=landing_page_3
[2016-10-03 18:36:19] INFO: Blank email supplied.
[2016-10-03 18:36:58] INFO: email=&eventType=page-load&pageId=landing_page_3
[2016-10-03 18:36:58] INFO: Blank email supplied.
[2016-10-03 18:37:11] INFO: email=&eventType=page-load&pageId=landing_page_3
[2016-10-03 18:37:11] INFO: Blank email supplied.
[2016-10-03 18:38:46] INFO: email=&eventType=accept-terms&pageId=
[2016-10-03 18:38:46] INFO: Blank email supplied.
[2016-10-03 18:41:06] INFO: email=&eventType=accept-terms&pageId=
[2016-10-03 18:41:06] INFO: Blank email supplied.
[2016-10-03 18:41:18] INFO: email=&eventType=page-load&pageId=landing_page_3
[2016-10-03 18:41:18] INFO: Blank email supplied.
[2016-10-03 18:41:49] INFO: email=&eventType=accept-terms&pageId=
[2016-10-03 18:41:49] INFO: Blank email supplied.
[2016-10-03 18:41:55] INFO: email=&eventType=accept-terms&pageId=
[2016-10-03 18:41:55] INFO: Blank email supplied.
[2016-10-03 18:42:55] INFO: email=&eventType=page-load&pageId=login
[2016-10-03 18:42:55] INFO: Blank email supplied.
[2016-10-03 18:43:56] INFO: email=&eventType=accept-terms&pageId=
[2016-10-03 18:43:56] INFO: Blank email supplied.
[2016-10-03 18:44:24] INFO: email=&eventType=page-load&pageId=login
[2016-10-03 18:44:24] INFO: Blank email supplied.
[2016-10-03 18:45:18] INFO: email=&eventType=accept-terms&pageId=
[2016-10-03 18:45:18] INFO: Blank email supplied.
[2016-10-03 18:45:34] INFO: email=ali.gajani@academyft.com&eventType=mail-open&pageId=
[2016-10-03 18:45:34] INFO: Attempting to log event: [mail-open] for user: ali.gajani@academyft.com
[2016-10-03 18:45:36] INFO: Email found: ali.gajani@academyft.com
[2016-10-03 18:45:37] INFO: Event recorded for: ali.gajani@academyft.com
[2016-10-03 18:46:13] INFO: email=ali.gajani@academyft.com&eventType=mail-open&pageId=
[2016-10-03 18:46:13] INFO: Attempting to log event: [mail-open] for user: ali.gajani@academyft.com
[2016-10-03 18:46:15] INFO: Email found: ali.gajani@academyft.com
[2016-10-03 18:46:16] INFO: Event recorded for: ali.gajani@academyft.com
[2016-10-03 18:46:58] INFO: email=ali.gajani@academyft.com&eventType=page-load&pageId=login
[2016-10-03 18:46:58] INFO: Attempting to log page visit: [login] for user: ali.gajani@academyft.com
[2016-10-03 18:46:59] INFO: Email found: ali.gajani@academyft.com
[2016-10-03 18:47:00] INFO: Event recorded for: ali.gajani@academyft.com
[2016-10-03 18:47:13] INFO: email=ali.gajani@academyft.com&eventType=page-load&pageId=terms
[2016-10-03 18:47:13] INFO: Attempting to log page visit : [terms] for user: ali.gajani@academyft.com
[2016-10-03 18:47:15] INFO: Email found: ali.gajani@academyft.com
[2016-10-03 18:47:16] INFO: Event recorded for: ali.gajani@academyft.com
[2016-10-03 18:47:25] INFO: email=ali.gajani@academyft.com&eventType=accept-terms&pageId=
[2016-10-03 18:47:25] INFO: Attempting to log event: [accept-terms] for user: ali.gajani@academyft.com
[2016-10-03 18:47:27] INFO: Email found: ali.gajani@academyft.com
[2016-10-03 18:47:28] INFO: Event recorded for: ali.gajani@academyft.com
[2016-10-03 18:48:06] INFO: email=ali.gajani@academyft.com&eventType=page-load&pageId=login
[2016-10-03 18:48:06] INFO: Attempting to log page visit: [login] for user: ali.gajani@academyft.com
[2016-10-03 18:48:07] INFO: Email found: ali.gajani@academyft.com
[2016-10-03 18:48:09] INFO: Event recorded for: ali.gajani@academyft.com
[2016-10-03 18:48:12] INFO: email=ali.gajani@academyft.com&eventType=page-load&pageId=terms
[2016-10-03 18:48:12] INFO: Attempting to log page visit : [terms] for user: ali.gajani@academyft.com
[2016-10-03 18:48:14] INFO: Email found: ali.gajani@academyft.com
[2016-10-03 18:48:15] INFO: email=ali.gajani@academyft.com&eventType=accept-terms&pageId=
[2016-10-03 18:48:15] INFO: Attempting to log event: [accept-terms] for user: ali.gajani@academyft.com
[2016-10-03 18:48:15] INFO: Event recorded for: ali.gajani@academyft.com
[2016-10-03 18:48:16] INFO: Email found: ali.gajani@academyft.com
[2016-10-03 18:48:17] INFO: Event recorded for: ali.gajani@academyft.com
[2016-10-03 18:51:37] INFO: email=&eventType=page-load&pageId=login
[2016-10-03 18:51:37] INFO: Blank email supplied.
[2016-10-03 18:51:56] INFO: email=ali.gajani@academyft.com&eventType=page-load&pageId=terms
[2016-10-03 18:51:56] INFO: Attempting to log page visit : [terms] for user: ali.gajani@academyft.com
[2016-10-03 18:51:57] INFO: Email found: ali.gajani@academyft.com
[2016-10-03 18:51:58] INFO: Event recorded for: ali.gajani@academyft.com
[2016-10-03 18:54:02] INFO: email=&eventType=page-load&pageId=login
[2016-10-03 18:54:02] INFO: Blank email supplied.
[2016-10-03 18:54:13] INFO: email=&eventType=page-load&pageId=login
[2016-10-03 18:54:13] INFO: Blank email supplied.
[2016-10-03 18:54:23] INFO: email=ali.gajani@academyft.com&eventType=page-load&pageId=terms
[2016-10-03 18:54:23] INFO: Attempting to log page visit : [terms] for user: ali.gajani@academyft.com
[2016-10-03 18:54:25] INFO: Email found: ali.gajani@academyft.com
[2016-10-03 18:54:25] INFO: Event recorded for: ali.gajani@academyft.com
[2016-10-03 18:55:53] INFO: email=ali.gajani@academyft.com&eventType=page-load&pageId=terms
[2016-10-03 18:55:53] INFO: Attempting to log page visit : [terms] for user: ali.gajani@academyft.com
[2016-10-03 18:55:55] INFO: Email found: ali.gajani@academyft.com
[2016-10-03 18:55:56] INFO: Event recorded for: ali.gajani@academyft.com
[2016-10-03 18:56:14] INFO: email=&eventType=page-load&pageId=terms
[2016-10-03 18:56:14] INFO: Blank email supplied.
[2016-10-03 18:56:26] INFO: email=&eventType=page-load&pageId=login
[2016-10-03 18:56:26] INFO: Blank email supplied.
[2016-10-03 18:56:32] INFO: email=&eventType=page-load&pageId=terms
[2016-10-03 18:56:32] INFO: Blank email supplied.
[2016-10-03 18:57:26] INFO: email=&eventType=page-load&pageId=login
[2016-10-03 18:57:26] INFO: Blank email supplied.
[2016-10-03 18:57:46] INFO: email=ali.gajani@academyft.com&eventType=page-load&pageId=terms
[2016-10-03 18:57:46] INFO: Attempting to log page visit : [terms] for user: ali.gajani@academyft.com
[2016-10-03 18:57:48] INFO: Email found: ali.gajani@academyft.com
[2016-10-03 18:57:49] INFO: Event recorded for: ali.gajani@academyft.com
[2016-10-03 19:00:01] INFO: email=&eventType=page-load&pageId=landing_page_3
[2016-10-03 19:00:01] INFO: Blank email supplied.
[2016-10-03 19:02:55] INFO: email=&eventType=accept-terms&pageId=
[2016-10-03 19:02:55] INFO: Blank email supplied.
[2016-10-03 19:04:17] INFO: email=&eventType=accept-terms&pageId=
[2016-10-03 19:04:17] INFO: Blank email supplied.
[2016-10-03 19:05:16] INFO: email=&eventType=page-load&pageId=terms
[2016-10-03 19:05:16] INFO: Blank email supplied.
[2016-10-03 19:05:26] INFO: email=&eventType=page-load&pageId=landing_page_3
[2016-10-03 19:05:26] INFO: Blank email supplied.
[2016-10-03 19:06:00] INFO: email=ali.gajani@academyft.com&eventType=accept-terms&pageId=
[2016-10-03 19:06:00] INFO: Attempting to log event: [accept-terms] for user: ali.gajani@academyft.com
[2016-10-03 19:06:01] INFO: Email found: ali.gajani@academyft.com
[2016-10-03 19:06:02] INFO: Event recorded for: ali.gajani@academyft.com
[2016-10-03 19:06:12] INFO: email=&eventType=accept-terms&pageId=
[2016-10-03 19:06:12] INFO: Blank email supplied.
[2016-10-03 19:06:25] INFO: email=&eventType=page-load&pageId=landing_page_3
[2016-10-03 19:06:25] INFO: Blank email supplied.
[2016-10-03 19:08:44] INFO: email=ali.gajani@academyft.com&eventType=page-load&pageId=landing_page_3
[2016-10-03 19:08:44] INFO: Attempting to log page visit: [landing_page_3] for user: ali.gajani@academyft.com
[2016-10-03 19:08:45] INFO: Email found: ali.gajani@academyft.com
[2016-10-03 19:08:46] INFO: Event recorded for: ali.gajani@academyft.com
[2016-10-03 19:10:51] INFO: email=ali.gajani@academyft.com&eventType=page-load&pageId=landing_page_3
[2016-10-03 19:10:51] INFO: Attempting to log page visit: [landing_page_3] for user: ali.gajani@academyft.com
[2016-10-03 19:10:53] INFO: Email found: ali.gajani@academyft.com
[2016-10-03 19:10:54] INFO: Event recorded for: ali.gajani@academyft.com
[2016-10-03 19:13:45] INFO: email=ali.gajani@academyft.com&eventType=page-load&pageId=landing_page_3
[2016-10-03 19:13:45] INFO: Attempting to log page visit: [landing_page_3] for user: ali.gajani@academyft.com
[2016-10-03 19:13:47] INFO: Email found: ali.gajani@academyft.com
[2016-10-03 19:13:48] INFO: Event recorded for: ali.gajani@academyft.com
[2016-10-03 19:15:23] INFO: email=ali.gajani@academyft.com&eventType=page-load&pageId=landing_page_3
[2016-10-03 19:15:23] INFO: Attempting to log page visit: [landing_page_3] for user: ali.gajani@academyft.com
[2016-10-03 19:15:25] INFO: Email found: ali.gajani@academyft.com
[2016-10-03 19:15:26] INFO: Event recorded for: ali.gajani@academyft.com
[2016-10-03 19:16:25] INFO: email=&eventType=page-load&pageId=landing_page_3
[2016-10-03 19:16:25] INFO: Blank email supplied.
[2016-10-03 19:16:33] INFO: email=ali.gajani@academyft.com&eventType=page-load&pageId=terms
[2016-10-03 19:16:33] INFO: Attempting to log page visit : [terms] for user: ali.gajani@academyft.com
[2016-10-03 19:16:34] INFO: Email found: ali.gajani@academyft.com
[2016-10-03 19:16:36] INFO: Event recorded for: ali.gajani@academyft.com
[2016-10-03 19:16:36] INFO: email=&eventType=page-load&pageId=terms
[2016-10-03 19:16:36] INFO: Blank email supplied.
[2016-10-03 19:16:37] INFO: email=ali.gajani@academyft.com&eventType=accept-terms&pageId=
[2016-10-03 19:16:37] INFO: Attempting to log event: [accept-terms] for user: ali.gajani@academyft.com
[2016-10-03 19:16:39] INFO: Email found: ali.gajani@academyft.com
[2016-10-03 19:16:40] INFO: Event recorded for: ali.gajani@academyft.com
[2016-10-03 19:16:47] INFO: email=&eventType=accept-terms&pageId=
[2016-10-03 19:16:47] INFO: Blank email supplied.
[2016-10-03 19:16:54] INFO: email=&eventType=page-load&pageId=login
[2016-10-03 19:16:54] INFO: Blank email supplied.
[2016-10-03 19:17:02] INFO: email=&eventType=page-load&pageId=landing_page_3
[2016-10-03 19:17:02] INFO: Blank email supplied.
[2016-10-03 19:19:34] INFO: email=&eventType=page-load&pageId=terms
[2016-10-03 19:19:34] INFO: Blank email supplied.
[2016-10-03 19:20:56] INFO: email=&eventType=accept-terms&pageId=
[2016-10-03 19:20:56] INFO: Blank email supplied.
[2016-10-03 19:28:44] INFO: email=&eventType=page-load&pageId=login
[2016-10-03 19:28:44] INFO: Blank email supplied.
[2016-10-03 19:29:00] INFO: email=ali.gajani@academyft.com&eventType=page-load&pageId=terms
[2016-10-03 19:29:00] INFO: Attempting to log page visit : [terms] for user: ali.gajani@academyft.com
[2016-10-03 19:29:02] INFO: Email found: ali.gajani@academyft.com
[2016-10-03 19:29:03] INFO: Event recorded for: ali.gajani@academyft.com
[2016-10-03 19:29:29] INFO: email=ali.gajani@academyft.com&eventType=accept-terms&pageId=
[2016-10-03 19:29:29] INFO: Attempting to log event: [accept-terms] for user: ali.gajani@academyft.com
[2016-10-03 19:29:31] INFO: Email found: ali.gajani@academyft.com
[2016-10-03 19:29:32] INFO: Event recorded for: ali.gajani@academyft.com
[2016-10-03 19:30:18] INFO: email=ali.gajani@academyft.com&eventType=accept-terms&pageId=
[2016-10-03 19:30:18] INFO: Attempting to log event: [accept-terms] for user: ali.gajani@academyft.com
[2016-10-03 19:30:20] INFO: Email found: ali.gajani@academyft.com
[2016-10-03 19:30:20] INFO: email=ali.gajani@academyft.com&eventType=page-load&pageId=login
[2016-10-03 19:30:20] INFO: Attempting to log page visit: [login] for user: ali.gajani@academyft.com
[2016-10-03 19:30:21] INFO: Event recorded for: ali.gajani@academyft.com
[2016-10-03 19:30:22] INFO: Email found: ali.gajani@academyft.com
[2016-10-03 19:30:23] INFO: Event recorded for: ali.gajani@academyft.com
[2016-10-03 19:30:30] INFO: email=ali.gajani@academyft.com&eventType=page-load&pageId=terms
[2016-10-03 19:30:30] INFO: Attempting to log page visit : [terms] for user: ali.gajani@academyft.com
[2016-10-03 19:30:32] INFO: Email found: ali.gajani@academyft.com
[2016-10-03 19:30:33] INFO: Event recorded for: ali.gajani@academyft.com
[2016-10-03 19:33:38] INFO: email=&eventType=page-load&pageId=login
[2016-10-03 19:33:38] INFO: Blank email supplied.
[2016-10-03 19:33:46] INFO: email=&eventType=page-load&pageId=login
[2016-10-03 19:33:46] INFO: Blank email supplied.
[2016-10-03 19:33:49] INFO: email=ali.gajani@academyft.com&eventType=page-load&pageId=login
[2016-10-03 19:33:49] INFO: Attempting to log page visit: [login] for user: ali.gajani@academyft.com
[2016-10-03 19:33:51] INFO: Email found: ali.gajani@academyft.com
[2016-10-03 19:33:52] INFO: Event recorded for: ali.gajani@academyft.com
[2016-10-03 19:33:55] INFO: email=ali.gajani@academyft.com&eventType=page-load&pageId=terms
[2016-10-03 19:33:55] INFO: Attempting to log page visit : [terms] for user: ali.gajani@academyft.com
[2016-10-03 19:33:57] INFO: Email found: ali.gajani@academyft.com
[2016-10-03 19:33:58] INFO: Event recorded for: ali.gajani@academyft.com
[2016-10-03 19:34:11] INFO: email=ali.gajani@academyft.com&eventType=accept-terms&pageId=
[2016-10-03 19:34:11] INFO: Attempting to log event: [accept-terms] for user: ali.gajani@academyft.com
[2016-10-03 19:34:13] INFO: Email found: ali.gajani@academyft.com
[2016-10-03 19:34:14] INFO: Event recorded for: ali.gajani@academyft.com
[2016-10-03 19:35:48] INFO: email=&eventType=page-load&pageId=login
[2016-10-03 19:35:48] INFO: Blank email supplied.
[2016-10-03 19:36:01] INFO: email=ali.gajani@academyft.com&eventType=page-load&pageId=terms
[2016-10-03 19:36:01] INFO: Attempting to log page visit : [terms] for user: ali.gajani@academyft.com
[2016-10-03 19:36:02] INFO: Email found: ali.gajani@academyft.com
[2016-10-03 19:36:03] INFO: Event recorded for: ali.gajani@academyft.com
[2016-10-03 19:36:06] INFO: email=ali.gajani@academyft.com&eventType=accept-terms&pageId=
[2016-10-03 19:36:06] INFO: Attempting to log event: [accept-terms] for user: ali.gajani@academyft.com
[2016-10-03 19:36:08] INFO: Email found: ali.gajani@academyft.com
[2016-10-03 19:36:09] INFO: Event recorded for: ali.gajani@academyft.com
[2016-10-03 19:36:33] INFO: email=&eventType=page-load&pageId=login
[2016-10-03 19:36:33] INFO: Blank email supplied.
[2016-10-03 19:36:49] INFO: email=&eventType=page-load&pageId=login
[2016-10-03 19:36:49] INFO: Blank email supplied.
[2016-10-03 19:36:55] INFO: email=ali.gajani@academyft.com&eventType=page-load&pageId=terms
[2016-10-03 19:36:55] INFO: Attempting to log page visit : [terms] for user: ali.gajani@academyft.com
[2016-10-03 19:36:57] INFO: Email found: ali.gajani@academyft.com
[2016-10-03 19:36:57] INFO: Event recorded for: ali.gajani@academyft.com
[2016-10-03 19:37:11] INFO: email=ali.gajani@academyft.com&eventType=accept-terms&pageId=
[2016-10-03 19:37:11] INFO: Attempting to log event: [accept-terms] for user: ali.gajani@academyft.com
[2016-10-03 19:37:12] INFO: Email found: ali.gajani@academyft.com
[2016-10-03 19:37:13] INFO: Event recorded for: ali.gajani@academyft.com
[2016-10-03 19:37:45] INFO: email=&eventType=page-load&pageId=login
[2016-10-03 19:37:45] INFO: Blank email supplied.
[2016-10-03 19:39:15] INFO: email=&eventType=page-load&pageId=landing_page_3
[2016-10-03 19:39:15] INFO: Blank email supplied.
[2016-10-03 19:39:30] INFO: No phone records found for: niranjan.b@shawacademy.com
[2016-10-03 19:40:20] INFO: email=&eventType=page-load&pageId=landing_page_3
[2016-10-03 19:40:20] INFO: Blank email supplied.
[2016-10-03 19:40:28] INFO: No phone records found for: niranjan.b@shawacademy.com
[2016-10-03 19:40:53] INFO: email=&eventType=page-load&pageId=landing_page_3
[2016-10-03 19:40:53] INFO: Blank email supplied.
[2016-10-03 19:42:14] INFO: email=ali.gajani@academyft.com&eventType=mail-open&pageId=
[2016-10-03 19:42:14] INFO: Attempting to log event: [mail-open] for user: ali.gajani@academyft.com
[2016-10-03 19:42:15] INFO: Email found: ali.gajani@academyft.com
[2016-10-03 19:42:16] INFO: Event recorded for: ali.gajani@academyft.com
[2016-10-03 19:44:11] INFO: email=ali.gajani@academyft.com&eventType=mail-open&pageId=
[2016-10-03 19:44:11] INFO: Attempting to log event: [mail-open] for user: ali.gajani@academyft.com
[2016-10-03 19:44:11] INFO: email=ali.gajani@academyft.com&eventType=mail-open&pageId=
[2016-10-03 19:44:11] INFO: Attempting to log event: [mail-open] for user: ali.gajani@academyft.com
[2016-10-03 19:44:12] INFO: Email found: ali.gajani@academyft.com
[2016-10-03 19:44:13] INFO: Email found: ali.gajani@academyft.com
[2016-10-03 19:44:13] INFO: Event recorded for: ali.gajani@academyft.com
[2016-10-03 19:44:13] INFO: Event recorded for: ali.gajani@academyft.com
[2016-10-03 19:50:50] INFO: email=ali.gajani@academyft.com&eventType=page-load&pageId=terms
[2016-10-03 19:50:50] INFO: Attempting to log page visit : [terms] for user: ali.gajani@academyft.com
[2016-10-03 19:50:52] INFO: Email found: ali.gajani@academyft.com
[2016-10-03 19:50:53] INFO: Event recorded for: ali.gajani@academyft.com
[2016-10-03 19:51:15] INFO: email=ali.gajani@academyft.com&eventType=accept-terms&pageId=
[2016-10-03 19:51:15] INFO: Attempting to log event: [accept-terms] for user: ali.gajani@academyft.com
[2016-10-03 19:51:16] INFO: Email found: ali.gajani@academyft.com
[2016-10-03 19:51:17] INFO: Event recorded for: ali.gajani@academyft.com
[2016-10-03 19:58:38] INFO: email=&eventType=accept-terms&pageId=
[2016-10-03 19:58:38] INFO: Blank email supplied.
[2016-10-03 21:37:01] INFO: email=&eventType=page-load&pageId=login
[2016-10-03 21:37:01] INFO: Blank email supplied.
[2016-10-03 21:37:08] INFO: email=ali.gajani@academyft.com&eventType=page-load&pageId=terms
[2016-10-03 21:37:08] INFO: Attempting to log page visit : [terms] for user: ali.gajani@academyft.com
[2016-10-03 21:37:10] INFO: Email found: ali.gajani@academyft.com
[2016-10-03 21:37:11] INFO: Event recorded for: ali.gajani@academyft.com
[2016-10-03 21:37:11] INFO: email=ali.gajani@academyft.com&eventType=accept-terms&pageId=
[2016-10-03 21:37:11] INFO: Attempting to log event: [accept-terms] for user: ali.gajani@academyft.com
[2016-10-03 21:37:13] INFO: Email found: ali.gajani@academyft.com
[2016-10-03 21:37:14] INFO: Event recorded for: ali.gajani@academyft.com
[2016-10-03 21:38:25] INFO: email=&eventType=page-load&pageId=login
[2016-10-03 21:38:25] INFO: Blank email supplied.
[2016-10-03 21:38:40] INFO: email=ali.gajani@academyft.com&eventType=page-load&pageId=terms
[2016-10-03 21:38:40] INFO: Attempting to log page visit : [terms] for user: ali.gajani@academyft.com
[2016-10-03 21:38:41] INFO: Email found: ali.gajani@academyft.com
[2016-10-03 21:38:42] INFO: Event recorded for: ali.gajani@academyft.com
[2016-10-03 21:38:43] INFO: email=ali.gajani@academyft.com&eventType=accept-terms&pageId=
[2016-10-03 21:38:43] INFO: Attempting to log event: [accept-terms] for user: ali.gajani@academyft.com
[2016-10-03 21:38:44] INFO: Email found: ali.gajani@academyft.com
[2016-10-03 21:38:45] INFO: Event recorded for: ali.gajani@academyft.com
[2016-10-03 21:40:38] INFO: email=&eventType=page-load&pageId=login
[2016-10-03 21:40:38] INFO: Blank email supplied.
[2016-10-03 21:40:43] INFO: email=&eventType=page-load&pageId=login
[2016-10-03 21:40:43] INFO: Blank email supplied.
[2016-10-03 21:40:49] INFO: email=ali.gajani@academyft.com&eventType=page-load&pageId=terms
[2016-10-03 21:40:49] INFO: Attempting to log page visit : [terms] for user: ali.gajani@academyft.com
[2016-10-03 21:40:50] INFO: Email found: ali.gajani@academyft.com
[2016-10-03 21:40:51] INFO: Event recorded for: ali.gajani@academyft.com
[2016-10-03 21:41:02] INFO: email=ali.gajani@academyft.com&eventType=accept-terms&pageId=
[2016-10-03 21:41:02] INFO: Attempting to log event: [accept-terms] for user: ali.gajani@academyft.com
[2016-10-03 21:41:04] INFO: Email found: ali.gajani@academyft.com
[2016-10-03 21:41:04] INFO: email=ali.gajani@academyft.com&eventType=page-load&pageId=login
[2016-10-03 21:41:04] INFO: Attempting to log page visit: [login] for user: ali.gajani@academyft.com
[2016-10-03 21:41:05] INFO: Event recorded for: ali.gajani@academyft.com
[2016-10-03 21:41:06] INFO: Email found: ali.gajani@academyft.com
[2016-10-03 21:41:07] INFO: Event recorded for: ali.gajani@academyft.com
[2016-10-03 21:41:35] INFO: email=ali.gajani@academyft.com&eventType=accept-terms&pageId=
[2016-10-03 21:41:35] INFO: Attempting to log event: [accept-terms] for user: ali.gajani@academyft.com
[2016-10-03 21:41:36] INFO: Email found: ali.gajani@academyft.com
[2016-10-03 21:41:37] INFO: Event recorded for: ali.gajani@academyft.com
[2016-10-03 21:43:48] INFO: email=&eventType=page-load&pageId=login
[2016-10-03 21:43:48] INFO: Blank email supplied.
[2016-10-03 21:43:59] INFO: email=&eventType=page-load&pageId=login
[2016-10-03 21:43:59] INFO: Blank email supplied.
[2016-10-03 21:44:05] INFO: email=ali.gajani@academyft.com&eventType=page-load&pageId=terms
[2016-10-03 21:44:05] INFO: Attempting to log page visit : [terms] for user: ali.gajani@academyft.com
[2016-10-03 21:44:07] INFO: Email found: ali.gajani@academyft.com
[2016-10-03 21:44:08] INFO: Event recorded for: ali.gajani@academyft.com
[2016-10-03 21:44:19] INFO: email=ali.gajani@academyft.com&eventType=accept-terms&pageId=
[2016-10-03 21:44:19] INFO: Attempting to log event: [accept-terms] for user: ali.gajani@academyft.com
[2016-10-03 21:44:21] INFO: Email found: ali.gajani@academyft.com
[2016-10-03 21:44:22] INFO: Event recorded for: ali.gajani@academyft.com
[2016-10-03 21:44:27] INFO: email=&eventType=page-load&pageId=login
[2016-10-03 21:44:27] INFO: Blank email supplied.
[2016-10-03 21:45:19] INFO: email=&eventType=page-load&pageId=login
[2016-10-03 21:45:19] INFO: Blank email supplied.
[2016-10-03 21:45:30] INFO: email=ali.gajani@academyft.com&eventType=page-load&pageId=terms
[2016-10-03 21:45:30] INFO: Attempting to log page visit : [terms] for user: ali.gajani@academyft.com
[2016-10-03 21:45:31] INFO: Email found: ali.gajani@academyft.com
[2016-10-03 21:45:32] INFO: Event recorded for: ali.gajani@academyft.com
[2016-10-03 21:47:28] INFO: email=&eventType=page-load&pageId=login
[2016-10-03 21:47:28] INFO: Blank email supplied.
[2016-10-03 21:47:41] INFO: email=ali.gajani@academyft.com&eventType=page-load&pageId=terms
[2016-10-03 21:47:41] INFO: Attempting to log page visit : [terms] for user: ali.gajani@academyft.com
[2016-10-03 21:47:43] INFO: Email found: ali.gajani@academyft.com
[2016-10-03 21:47:44] INFO: Event recorded for: ali.gajani@academyft.com
[2016-10-03 21:47:45] INFO: email=ali.gajani@academyft.com&eventType=accept-terms&pageId=
[2016-10-03 21:47:45] INFO: Attempting to log event: [accept-terms] for user: ali.gajani@academyft.com
[2016-10-03 21:47:46] INFO: Email found: ali.gajani@academyft.com
[2016-10-03 21:47:47] INFO: Event recorded for: ali.gajani@academyft.com
[2016-10-03 21:47:56] INFO: email=&eventType=page-load&pageId=login
[2016-10-03 21:47:56] INFO: Blank email supplied.
[2016-10-03 21:48:03] INFO: email=&eventType=page-load&pageId=login
[2016-10-03 21:48:03] INFO: Blank email supplied.
[2016-10-03 21:48:13] INFO: email=ali.gajani@academyft.com&eventType=page-load&pageId=terms
[2016-10-03 21:48:13] INFO: Attempting to log page visit : [terms] for user: ali.gajani@academyft.com
[2016-10-03 21:48:14] INFO: Email found: ali.gajani@academyft.com
[2016-10-03 21:48:15] INFO: Event recorded for: ali.gajani@academyft.com
[2016-10-03 21:48:32] INFO: email=ali.gajani@academyft.com&eventType=accept-terms&pageId=
[2016-10-03 21:48:32] INFO: Attempting to log event: [accept-terms] for user: ali.gajani@academyft.com
[2016-10-03 21:48:34] INFO: Email found: ali.gajani@academyft.com
[2016-10-03 21:48:35] INFO: Event recorded for: ali.gajani@academyft.com
[2016-10-03 21:53:40] INFO: email=&eventType=page-load&pageId=login
[2016-10-03 21:53:40] INFO: Blank email supplied.
[2016-10-03 21:53:53] INFO: email=ali.gajani@academyft.com&eventType=page-load&pageId=terms
[2016-10-03 21:53:53] INFO: Attempting to log page visit : [terms] for user: ali.gajani@academyft.com
[2016-10-03 21:53:55] INFO: Email found: ali.gajani@academyft.com
[2016-10-03 21:53:56] INFO: Event recorded for: ali.gajani@academyft.com
[2016-10-03 21:54:07] INFO: email=ali.gajani@academyft.com&eventType=accept-terms&pageId=
[2016-10-03 21:54:07] INFO: Attempting to log event: [accept-terms] for user: ali.gajani@academyft.com
[2016-10-03 21:54:08] INFO: Email found: ali.gajani@academyft.com
[2016-10-03 21:54:10] INFO: Event recorded for: ali.gajani@academyft.com
[2016-10-03 21:54:27] INFO: email=&eventType=page-load&pageId=login
[2016-10-03 21:54:27] INFO: Blank email supplied.
[2016-10-03 21:54:36] INFO: email=ali.gajani@academyft.com&eventType=page-load&pageId=terms
[2016-10-03 21:54:36] INFO: Attempting to log page visit : [terms] for user: ali.gajani@academyft.com
[2016-10-03 21:54:37] INFO: Email found: ali.gajani@academyft.com
[2016-10-03 21:54:38] INFO: Event recorded for: ali.gajani@academyft.com
[2016-10-03 21:54:42] INFO: email=ali.gajani@academyft.com&eventType=accept-terms&pageId=
[2016-10-03 21:54:42] INFO: Attempting to log event: [accept-terms] for user: ali.gajani@academyft.com
[2016-10-03 21:54:44] INFO: Email found: ali.gajani@academyft.com
[2016-10-03 21:54:45] INFO: Event recorded for: ali.gajani@academyft.com
[2016-10-03 21:54:58] INFO: email=&eventType=page-load&pageId=login
[2016-10-03 21:54:58] INFO: Blank email supplied.
[2016-10-03 21:55:04] INFO: email=ali.gajani@academyft.com&eventType=page-load&pageId=terms
[2016-10-03 21:55:04] INFO: Attempting to log page visit : [terms] for user: ali.gajani@academyft.com
[2016-10-03 21:55:06] INFO: Email found: ali.gajani@academyft.com
[2016-10-03 21:55:07] INFO: Event recorded for: ali.gajani@academyft.com
[2016-10-03 21:55:12] INFO: email=ali.gajani@academyft.com&eventType=accept-terms&pageId=
[2016-10-03 21:55:12] INFO: Attempting to log event: [accept-terms] for user: ali.gajani@academyft.com
[2016-10-03 21:55:13] INFO: Email found: ali.gajani@academyft.com
[2016-10-03 21:55:14] INFO: Event recorded for: ali.gajani@academyft.com
[2016-10-03 21:55:38] INFO: email=&eventType=page-load&pageId=login
[2016-10-03 21:55:38] INFO: Blank email supplied.
[2016-10-03 21:55:50] INFO: email=ali.gajani@academyft.com&eventType=page-load&pageId=terms
[2016-10-03 21:55:50] INFO: Attempting to log page visit : [terms] for user: ali.gajani@academyft.com
[2016-10-03 21:55:51] INFO: Email found: ali.gajani@academyft.com
[2016-10-03 21:55:52] INFO: Event recorded for: ali.gajani@academyft.com
[2016-10-03 21:55:59] INFO: email=ali.gajani@academyft.com&eventType=accept-terms&pageId=
[2016-10-03 21:55:59] INFO: Attempting to log event: [accept-terms] for user: ali.gajani@academyft.com
[2016-10-03 21:56:00] INFO: Email found: ali.gajani@academyft.com
[2016-10-03 21:56:01] INFO: Event recorded for: ali.gajani@academyft.com
[2016-10-03 21:59:41] INFO: email=&eventType=page-load&pageId=login
[2016-10-03 21:59:41] INFO: Blank email supplied.
[2016-10-03 21:59:55] INFO: email=&eventType=page-load&pageId=login
[2016-10-03 21:59:55] INFO: Blank email supplied.
[2016-10-03 22:00:02] INFO: email=ali.gajani@academyft.com&eventType=page-load&pageId=terms
[2016-10-03 22:00:02] INFO: Attempting to log page visit : [terms] for user: ali.gajani@academyft.com
[2016-10-03 22:00:03] INFO: Email found: ali.gajani@academyft.com
[2016-10-03 22:00:04] INFO: Event recorded for: ali.gajani@academyft.com
[2016-10-03 22:00:14] INFO: email=ali.gajani@academyft.com&eventType=accept-terms&pageId=
[2016-10-03 22:00:14] INFO: Attempting to log event: [accept-terms] for user: ali.gajani@academyft.com
[2016-10-03 22:00:15] INFO: Email found: ali.gajani@academyft.com
[2016-10-03 22:00:16] INFO: Event recorded for: ali.gajani@academyft.com
[2016-10-03 22:00:25] INFO: email=&eventType=page-load&pageId=login
[2016-10-03 22:00:25] INFO: Blank email supplied.
[2016-10-03 22:00:32] INFO: email=ali.gajani@academyft.com&eventType=page-load&pageId=terms
[2016-10-03 22:00:32] INFO: Attempting to log page visit : [terms] for user: ali.gajani@academyft.com
[2016-10-03 22:00:35] INFO: email=ali.gajani@academyft.com&eventType=accept-terms&pageId=
[2016-10-03 22:00:35] INFO: Attempting to log event: [accept-terms] for user: ali.gajani@academyft.com
[2016-10-03 22:00:36] INFO: Email found: ali.gajani@academyft.com
[2016-10-03 22:00:37] INFO: Email found: ali.gajani@academyft.com
[2016-10-03 22:00:37] INFO: Event recorded for: ali.gajani@academyft.com
[2016-10-03 22:00:38] INFO: Event recorded for: ali.gajani@academyft.com
[2016-10-03 22:01:00] INFO: email=&eventType=page-load&pageId=login
[2016-10-03 22:01:00] INFO: Blank email supplied.
[2016-10-03 22:01:04] INFO: email=&eventType=page-load&pageId=login
[2016-10-03 22:01:04] INFO: Blank email supplied.
[2016-10-03 22:01:15] INFO: email=&eventType=page-load&pageId=terms
[2016-10-03 22:01:15] INFO: Blank email supplied.
[2016-10-03 22:01:18] INFO: email=&eventType=accept-terms&pageId=
[2016-10-03 22:01:18] INFO: Blank email supplied.
[2016-10-03 22:01:21] INFO: email=&eventType=page-load&pageId=login
[2016-10-03 22:01:21] INFO: Blank email supplied.
[2016-10-03 22:01:31] INFO: email=ali.gajani@academyft.com&eventType=page-load&pageId=terms
[2016-10-03 22:01:31] INFO: Attempting to log page visit : [terms] for user: ali.gajani@academyft.com
[2016-10-03 22:01:33] INFO: Email found: ali.gajani@academyft.com
[2016-10-03 22:01:34] INFO: Event recorded for: ali.gajani@academyft.com
[2016-10-03 22:01:34] INFO: email=ali.gajani@academyft.com&eventType=accept-terms&pageId=
[2016-10-03 22:01:34] INFO: Attempting to log event: [accept-terms] for user: ali.gajani@academyft.com
[2016-10-03 22:01:35] INFO: Email found: ali.gajani@academyft.com
[2016-10-03 22:01:36] INFO: Event recorded for: ali.gajani@academyft.com